<?xml version="1.0" encoding="UTF-8"?>
<!-- Generated by org.testng.reporters.JUnitXMLReporter -->
<testsuite ignored="0" hostname="DESKTOP-AIFHKEE" failures="1" tests="1" name="Create Account Test" time="16.548" errors="0" timestamp="12 May 2021 13:32:08 GMT">
  <testcase classname="am.testcases.CreateAccountTest" name="createAccountTest" time="16.037">
    <failure type="java.lang.AssertionError" message="CreateAccountTest Failed">
      <![CDATA[java.lang.AssertionError: CreateAccountTest Failed
	at am.testcases.CreateAccountTest.createAccountTest(CreateAccountTest.java:22)
... Removed 26 stack frames]]>
    </failure>
  </testcase> <!-- createAccountTest -->
</testsuite> <!-- Create Account Test -->
